#-----------------------------------------------------------
# Vivado v2018.3 (64-bit)
# SW Build 2405991 on Thu Dec  6 23:38:27 MST 2018
# IP Build 2404404 on Fri Dec  7 01:43:56 MST 2018
# Start of session at: Thu Dec 12 22:57:36 2019
# Process ID: 3376
# Current directory: F:/study/course_design2019/CDE/soc_axi_func/run_vivado/mycpu_prj1
# Command line: vivado.exe -gui_launcher_event rodinguilauncherevent780 F:\study\course_design2019\CDE\soc_axi_func\run_vivado\mycpu_prj1\mycpu.xpr
# Log file: F:/study/course_design2019/CDE/soc_axi_func/run_vivado/mycpu_prj1/vivado.log
# Journal file: F:/study/course_design2019/CDE/soc_axi_func/run_vivado/mycpu_prj1\vivado.jou
#-----------------------------------------------------------
start_gui
open_project F:/study/course_design2019/CDE/soc_axi_func/run_vivado/mycpu_prj1/mycpu.xpr
Scanning sources...
Finished scanning sources
INFO: [IP_Flow 19-234] Refreshing IP repositories
INFO: [IP_Flow 19-1704] No user IP repositories specified
INFO: [IP_Flow 19-2313] Loaded Vivado IP repository 'D:/Vivado/2018.3/data/ip'.
opopen_project: Time (s): cpu = 00:01:24 ; elapsed = 00:02:06 . Memory (MB): peak = 779.504 ; gain = 210.13upupdate_compile_order -fileset sources_exexit
INFO: [Common 17-206] Exiting Vivado at Thu Dec 12 23:52:53 2019...
