#-----------------------------------------------------------
# Vivado v2018.3 (64-bit)
# SW Build 2405991 on Thu Dec  6 23:38:27 MST 2018
# IP Build 2404404 on Fri Dec  7 01:43:56 MST 2018
# Start of session at: Thu Dec 12 21:23:30 2019
# Process ID: 15188
# Current directory: F:/study/course_design2019/CDE/soc_axi_func/run_vivado/mycpu_prj1
# Command line: vivado.exe -gui_launcher_event rodinguilauncherevent4952 F:\study\course_design2019\CDE\soc_axi_func\run_vivado\mycpu_prj1\mycpu.xpr
# Log file: F:/study/course_design2019/CDE/soc_axi_func/run_vivado/mycpu_prj1/vivado.log
# Journal file: F:/study/course_design2019/CDE/soc_axi_func/run_vivado/mycpu_prj1\vivado.jou
#-----------------------------------------------------------
start_gui
open_project F:/study/course_design2019/CDE/soc_axi_func/run_vivado/mycpu_prj1/mycpu.xpr
INFO: [Common 17-41] Interrupt caught. Command should exit soon.
INFO: [Common 17-344] 'open_project' was cancelled
exit
INFO: [Common 17-206] Exiting Vivado at Thu Dec 12 21:32:19 2019...

 IP repository 'D:/Vivado/2018.3/data/ip'.
Iopen_project: Time (s): cpu = 00:02:08 ; elapsed = 00:12:24 . Memory (MB): peak = 1077.422 ; gain = 516.051
update_compile_order -fileset sources_1
exit
INFO: [Common 17-206] Exiting Vivado at Thu Dec 12 22:10:11 2019...
